[2017-04-18 10:14:50.247] [ERROR] pomelo-rpc - [31m[mqtt-acceptor] [39mprocess rpc message error TypeError: Cannot read property 'undefined' of undefined
    at GameHandler.handler.joinRoom (D:\test\game-server\app\servers\game\handler\handle.js:29:24)
    at Service.handle (D:\test\game-server\node_modules\pomelo\lib\common\service\handlerService.js:59:20)
    at handle (D:\test\game-server\node_modules\pomelo\lib\server\server.js:375:25)
    at next (D:\test\game-server\node_modules\pomelo\lib\common\service\filterService.js:50:7)
    at Service.beforeFilter (D:\test\game-server\node_modules\pomelo\lib\common\service\filterService.js:65:3)
    at beforeFilter (D:\test\game-server\node_modules\pomelo\lib\server\server.js:242:8)
    at doHandle (D:\test\game-server\node_modules\pomelo\lib\server\server.js:388:3)
    at Server.pro.handle (D:\test\game-server\node_modules\pomelo\lib\server\server.js:125:3)
    at Component.pro.handle (D:\test\game-server\node_modules\pomelo\lib\components\server.js:67:14)
    at Remote.forwardMessage (D:\test\game-server\node_modules\pomelo\lib\common\remote\backend\msgRemote.js:45:10)
[2017-04-18 10:17:47.763] [ERROR] pomelo-rpc - [31m[mqtt-acceptor] [39mprocess rpc message error TypeError: Cannot read property 'undefined' of undefined
    at GameHandler.handler.joinRoom (D:\test\game-server\app\servers\game\handler\handle.js:29:24)
    at Service.handle (D:\test\game-server\node_modules\pomelo\lib\common\service\handlerService.js:59:20)
    at handle (D:\test\game-server\node_modules\pomelo\lib\server\server.js:375:25)
    at next (D:\test\game-server\node_modules\pomelo\lib\common\service\filterService.js:50:7)
    at Service.beforeFilter (D:\test\game-server\node_modules\pomelo\lib\common\service\filterService.js:65:3)
    at beforeFilter (D:\test\game-server\node_modules\pomelo\lib\server\server.js:242:8)
    at doHandle (D:\test\game-server\node_modules\pomelo\lib\server\server.js:388:3)
    at Server.pro.handle (D:\test\game-server\node_modules\pomelo\lib\server\server.js:125:3)
    at Component.pro.handle (D:\test\game-server\node_modules\pomelo\lib\components\server.js:67:14)
    at Remote.forwardMessage (D:\test\game-server\node_modules\pomelo\lib\common\remote\backend\msgRemote.js:45:10)
[2017-04-18 10:18:43.219] [ERROR] pomelo-rpc - [31m[mqtt-acceptor] [39mprocess rpc message error TypeError: Cannot read property '1' of undefined
    at GameHandler.handler.joinRoom (D:\test\game-server\app\servers\game\handler\handle.js:29:24)
    at Service.handle (D:\test\game-server\node_modules\pomelo\lib\common\service\handlerService.js:59:20)
    at handle (D:\test\game-server\node_modules\pomelo\lib\server\server.js:375:25)
    at next (D:\test\game-server\node_modules\pomelo\lib\common\service\filterService.js:50:7)
    at Service.beforeFilter (D:\test\game-server\node_modules\pomelo\lib\common\service\filterService.js:65:3)
    at beforeFilter (D:\test\game-server\node_modules\pomelo\lib\server\server.js:242:8)
    at doHandle (D:\test\game-server\node_modules\pomelo\lib\server\server.js:388:3)
    at Server.pro.handle (D:\test\game-server\node_modules\pomelo\lib\server\server.js:125:3)
    at Component.pro.handle (D:\test\game-server\node_modules\pomelo\lib\components\server.js:67:14)
    at Remote.forwardMessage (D:\test\game-server\node_modules\pomelo\lib\common\remote\backend\msgRemote.js:45:10)
[2017-04-18 10:20:58.979] [ERROR] pomelo-rpc - [31m[mqtt-acceptor] [39mprocess rpc message error TypeError: Cannot read property 'undefined' of undefined
    at GameHandler.handler.joinRoom (D:\test\game-server\app\servers\game\handler\handle.js:29:24)
    at Service.handle (D:\test\game-server\node_modules\pomelo\lib\common\service\handlerService.js:59:20)
    at handle (D:\test\game-server\node_modules\pomelo\lib\server\server.js:375:25)
    at next (D:\test\game-server\node_modules\pomelo\lib\common\service\filterService.js:50:7)
    at Service.beforeFilter (D:\test\game-server\node_modules\pomelo\lib\common\service\filterService.js:65:3)
    at beforeFilter (D:\test\game-server\node_modules\pomelo\lib\server\server.js:242:8)
    at doHandle (D:\test\game-server\node_modules\pomelo\lib\server\server.js:388:3)
    at Server.pro.handle (D:\test\game-server\node_modules\pomelo\lib\server\server.js:125:3)
    at Component.pro.handle (D:\test\game-server\node_modules\pomelo\lib\components\server.js:67:14)
    at Remote.forwardMessage (D:\test\game-server\node_modules\pomelo\lib\common\remote\backend\msgRemote.js:45:10)
[2017-04-18 10:22:20.259] [ERROR] pomelo-rpc - [31m[mqtt-acceptor] [39mprocess rpc message error ReferenceError: targetRoom is not defined
    at GameHandler.handler.joinRoom (D:\test\game-server\app\servers\game\handler\handle.js:33:23)
    at Service.handle (D:\test\game-server\node_modules\pomelo\lib\common\service\handlerService.js:59:20)
    at handle (D:\test\game-server\node_modules\pomelo\lib\server\server.js:375:25)
    at next (D:\test\game-server\node_modules\pomelo\lib\common\service\filterService.js:50:7)
    at Service.beforeFilter (D:\test\game-server\node_modules\pomelo\lib\common\service\filterService.js:65:3)
    at beforeFilter (D:\test\game-server\node_modules\pomelo\lib\server\server.js:242:8)
    at doHandle (D:\test\game-server\node_modules\pomelo\lib\server\server.js:388:3)
    at Server.pro.handle (D:\test\game-server\node_modules\pomelo\lib\server\server.js:125:3)
    at Component.pro.handle (D:\test\game-server\node_modules\pomelo\lib\components\server.js:67:14)
    at Remote.forwardMessage (D:\test\game-server\node_modules\pomelo\lib\common\remote\backend\msgRemote.js:45:10)
[2017-04-18 10:22:46.062] [ERROR] pomelo-rpc - [31m[mqtt-acceptor] [39mprocess rpc message error TypeError: Cannot read property '1' of undefined
    at GameHandler.handler.joinRoom (D:\test\game-server\app\servers\game\handler\handle.js:33:22)
    at Service.handle (D:\test\game-server\node_modules\pomelo\lib\common\service\handlerService.js:59:20)
    at handle (D:\test\game-server\node_modules\pomelo\lib\server\server.js:375:25)
    at next (D:\test\game-server\node_modules\pomelo\lib\common\service\filterService.js:50:7)
    at Service.beforeFilter (D:\test\game-server\node_modules\pomelo\lib\common\service\filterService.js:65:3)
    at beforeFilter (D:\test\game-server\node_modules\pomelo\lib\server\server.js:242:8)
    at doHandle (D:\test\game-server\node_modules\pomelo\lib\server\server.js:388:3)
    at Server.pro.handle (D:\test\game-server\node_modules\pomelo\lib\server\server.js:125:3)
    at Component.pro.handle (D:\test\game-server\node_modules\pomelo\lib\components\server.js:67:14)
    at Remote.forwardMessage (D:\test\game-server\node_modules\pomelo\lib\common\remote\backend\msgRemote.js:45:10)
[2017-04-18 10:24:33.734] [ERROR] pomelo-rpc - [31m[mqtt-acceptor] [39mprocess rpc message error TypeError: Cannot read property '1' of undefined
    at GameHandler.handler.joinRoom (D:\test\game-server\app\servers\game\handler\handle.js:33:22)
    at Service.handle (D:\test\game-server\node_modules\pomelo\lib\common\service\handlerService.js:59:20)
    at handle (D:\test\game-server\node_modules\pomelo\lib\server\server.js:375:25)
    at next (D:\test\game-server\node_modules\pomelo\lib\common\service\filterService.js:50:7)
    at Service.beforeFilter (D:\test\game-server\node_modules\pomelo\lib\common\service\filterService.js:65:3)
    at beforeFilter (D:\test\game-server\node_modules\pomelo\lib\server\server.js:242:8)
    at doHandle (D:\test\game-server\node_modules\pomelo\lib\server\server.js:388:3)
    at Server.pro.handle (D:\test\game-server\node_modules\pomelo\lib\server\server.js:125:3)
    at Component.pro.handle (D:\test\game-server\node_modules\pomelo\lib\components\server.js:67:14)
    at Remote.forwardMessage (D:\test\game-server\node_modules\pomelo\lib\common\remote\backend\msgRemote.js:45:10)
[2017-04-18 10:24:42.006] [ERROR] pomelo-rpc - [31m[mqtt-acceptor] [39mprocess rpc message error TypeError: Cannot read property '1' of undefined
    at GameHandler.handler.joinRoom (D:\test\game-server\app\servers\game\handler\handle.js:33:22)
    at Service.handle (D:\test\game-server\node_modules\pomelo\lib\common\service\handlerService.js:59:20)
    at handle (D:\test\game-server\node_modules\pomelo\lib\server\server.js:375:25)
    at next (D:\test\game-server\node_modules\pomelo\lib\common\service\filterService.js:50:7)
    at Service.beforeFilter (D:\test\game-server\node_modules\pomelo\lib\common\service\filterService.js:65:3)
    at beforeFilter (D:\test\game-server\node_modules\pomelo\lib\server\server.js:242:8)
    at doHandle (D:\test\game-server\node_modules\pomelo\lib\server\server.js:388:3)
    at Server.pro.handle (D:\test\game-server\node_modules\pomelo\lib\server\server.js:125:3)
    at Component.pro.handle (D:\test\game-server\node_modules\pomelo\lib\components\server.js:67:14)
    at Remote.forwardMessage (D:\test\game-server\node_modules\pomelo\lib\common\remote\backend\msgRemote.js:45:10)
[2017-04-18 10:34:11.442] [ERROR] pomelo-rpc - [31m[mqtt-acceptor] [39mprocess rpc message error TypeError: Cannot read property 'length' of undefined
    at GameHandler.handler.joinRoom (D:\test\game-server\app\servers\game\handler\handle.js:34:34)
    at Service.handle (D:\test\game-server\node_modules\pomelo\lib\common\service\handlerService.js:59:20)
    at handle (D:\test\game-server\node_modules\pomelo\lib\server\server.js:375:25)
    at next (D:\test\game-server\node_modules\pomelo\lib\common\service\filterService.js:50:7)
    at Service.beforeFilter (D:\test\game-server\node_modules\pomelo\lib\common\service\filterService.js:65:3)
    at beforeFilter (D:\test\game-server\node_modules\pomelo\lib\server\server.js:242:8)
    at doHandle (D:\test\game-server\node_modules\pomelo\lib\server\server.js:388:3)
    at Server.pro.handle (D:\test\game-server\node_modules\pomelo\lib\server\server.js:125:3)
    at Component.pro.handle (D:\test\game-server\node_modules\pomelo\lib\components\server.js:67:14)
    at Remote.forwardMessage (D:\test\game-server\node_modules\pomelo\lib\common\remote\backend\msgRemote.js:45:10)
[2017-04-18 10:34:26.782] [ERROR] pomelo-rpc - [31m[mqtt-acceptor] [39mprocess rpc message error TypeError: Cannot read property 'size' of undefined
    at GameHandler.handler.joinRoom (D:\test\game-server\app\servers\game\handler\handle.js:34:34)
    at Service.handle (D:\test\game-server\node_modules\pomelo\lib\common\service\handlerService.js:59:20)
    at handle (D:\test\game-server\node_modules\pomelo\lib\server\server.js:375:25)
    at next (D:\test\game-server\node_modules\pomelo\lib\common\service\filterService.js:50:7)
    at Service.beforeFilter (D:\test\game-server\node_modules\pomelo\lib\common\service\filterService.js:65:3)
    at beforeFilter (D:\test\game-server\node_modules\pomelo\lib\server\server.js:242:8)
    at doHandle (D:\test\game-server\node_modules\pomelo\lib\server\server.js:388:3)
    at Server.pro.handle (D:\test\game-server\node_modules\pomelo\lib\server\server.js:125:3)
    at Component.pro.handle (D:\test\game-server\node_modules\pomelo\lib\components\server.js:67:14)
    at Remote.forwardMessage (D:\test\game-server\node_modules\pomelo\lib\common\remote\backend\msgRemote.js:45:10)
[2017-04-18 10:37:56.674] [ERROR] pomelo-rpc - [31m[mqtt-acceptor] [39mprocess rpc message error TypeError: GameHandler.roomList[1].join is not a function
    at GameHandler.handler.joinRoom (D:\test\game-server\app\servers\game\handler\handle.js:33:26)
    at Service.handle (D:\test\game-server\node_modules\pomelo\lib\common\service\handlerService.js:59:20)
    at handle (D:\test\game-server\node_modules\pomelo\lib\server\server.js:375:25)
    at next (D:\test\game-server\node_modules\pomelo\lib\common\service\filterService.js:50:7)
    at Service.beforeFilter (D:\test\game-server\node_modules\pomelo\lib\common\service\filterService.js:65:3)
    at beforeFilter (D:\test\game-server\node_modules\pomelo\lib\server\server.js:242:8)
    at doHandle (D:\test\game-server\node_modules\pomelo\lib\server\server.js:388:3)
    at Server.pro.handle (D:\test\game-server\node_modules\pomelo\lib\server\server.js:125:3)
    at Component.pro.handle (D:\test\game-server\node_modules\pomelo\lib\components\server.js:67:14)
    at Remote.forwardMessage (D:\test\game-server\node_modules\pomelo\lib\common\remote\backend\msgRemote.js:45:10)
[2017-04-18 10:43:33.237] [ERROR] pomelo-rpc - [31m[mqtt-acceptor] [39mprocess rpc message error TypeError: Cannot read property 'get' of undefined
    at Object.room.join (D:\test\game-server\app\servers\game\handler\handle.js:53:32)
    at GameHandler.handler.joinRoom (D:\test\game-server\app\servers\game\handler\handle.js:33:26)
    at Service.handle (D:\test\game-server\node_modules\pomelo\lib\common\service\handlerService.js:59:20)
    at handle (D:\test\game-server\node_modules\pomelo\lib\server\server.js:375:25)
    at next (D:\test\game-server\node_modules\pomelo\lib\common\service\filterService.js:50:7)
    at Service.beforeFilter (D:\test\game-server\node_modules\pomelo\lib\common\service\filterService.js:65:3)
    at beforeFilter (D:\test\game-server\node_modules\pomelo\lib\server\server.js:242:8)
    at doHandle (D:\test\game-server\node_modules\pomelo\lib\server\server.js:388:3)
    at Server.pro.handle (D:\test\game-server\node_modules\pomelo\lib\server\server.js:125:3)
    at Component.pro.handle (D:\test\game-server\node_modules\pomelo\lib\components\server.js:67:14)
[2017-04-18 10:45:13.018] [ERROR] pomelo-rpc - [31m[mqtt-acceptor] [39mprocess rpc message error TypeError: Cannot read property 'getByUid' of undefined
    at Remote.pushMessage (D:\test\game-server\node_modules\pomelo\lib\common\remote\frontend\channelRemote.js:38:30)
    at D:\test\game-server\node_modules\pomelo\lib\common\service\channelService.js:432:45
    at sendMessage (D:\test\game-server\node_modules\pomelo\lib\common\service\channelService.js:437:7)
    at sendMessageByGroup (D:\test\game-server\node_modules\pomelo\lib\common\service\channelService.js:444:7)
    at Channel.pushMessage (D:\test\game-server\node_modules\pomelo\lib\common\service\channelService.js:331:3)
    at Object.room.join (D:\test\game-server\app\servers\game\handler\handle.js:58:16)
    at GameHandler.handler.joinRoom (D:\test\game-server\app\servers\game\handler\handle.js:33:26)
    at Service.handle (D:\test\game-server\node_modules\pomelo\lib\common\service\handlerService.js:59:20)
    at handle (D:\test\game-server\node_modules\pomelo\lib\server\server.js:375:25)
    at next (D:\test\game-server\node_modules\pomelo\lib\common\service\filterService.js:50:7)
[2017-04-18 10:47:40.393] [ERROR] pomelo-rpc - [31m[mqtt-acceptor] [39mprocess rpc message error TypeError: app.rpcInvoke is not a function
    at rpcInvoke (D:\test\game-server\node_modules\pomelo\lib\common\service\backendSessionService.js:196:7)
    at BackendSessionService.bind (D:\test\game-server\node_modules\pomelo\lib\common\service\backendSessionService.js:133:3)
    at BackendSession.bind (D:\test\game-server\node_modules\pomelo\lib\common\service\backendSessionService.js:234:27)
    at GameHandler.handler.joinRoom (D:\test\game-server\app\servers\game\handler\handle.js:33:10)
    at Service.handle (D:\test\game-server\node_modules\pomelo\lib\common\service\handlerService.js:59:20)
    at handle (D:\test\game-server\node_modules\pomelo\lib\server\server.js:375:25)
    at next (D:\test\game-server\node_modules\pomelo\lib\common\service\filterService.js:50:7)
    at Service.beforeFilter (D:\test\game-server\node_modules\pomelo\lib\common\service\filterService.js:65:3)
    at beforeFilter (D:\test\game-server\node_modules\pomelo\lib\server\server.js:242:8)
    at doHandle (D:\test\game-server\node_modules\pomelo\lib\server\server.js:388:3)
[2017-04-18 10:57:46.453] [ERROR] pomelo-rpc - [31m[mqtt-acceptor] [39mprocess rpc message error TypeError: app.rpcInvoke is not a function
    at rpcInvoke (D:\test\game-server\node_modules\pomelo\lib\common\service\backendSessionService.js:196:7)
    at BackendSessionService.bind (D:\test\game-server\node_modules\pomelo\lib\common\service\backendSessionService.js:133:3)
    at BackendSession.bind (D:\test\game-server\node_modules\pomelo\lib\common\service\backendSessionService.js:234:27)
    at GameHandler.handler.joinRoom (D:\test\game-server\app\servers\game\handler\handle.js:28:10)
    at Service.handle (D:\test\game-server\node_modules\pomelo\lib\common\service\handlerService.js:59:20)
    at handle (D:\test\game-server\node_modules\pomelo\lib\server\server.js:375:25)
    at next (D:\test\game-server\node_modules\pomelo\lib\common\service\filterService.js:50:7)
    at Service.beforeFilter (D:\test\game-server\node_modules\pomelo\lib\common\service\filterService.js:65:3)
    at beforeFilter (D:\test\game-server\node_modules\pomelo\lib\server\server.js:242:8)
    at doHandle (D:\test\game-server\node_modules\pomelo\lib\server\server.js:388:3)
[2017-04-18 11:01:52.902] [ERROR] pomelo-rpc - [31m[mqtt-acceptor] [39mprocess rpc message error TypeError: app.rpcInvoke is not a function
    at rpcInvoke (D:\test\game-server\node_modules\pomelo\lib\common\service\backendSessionService.js:196:7)
    at BackendSessionService.bind (D:\test\game-server\node_modules\pomelo\lib\common\service\backendSessionService.js:133:3)
    at BackendSession.bind (D:\test\game-server\node_modules\pomelo\lib\common\service\backendSessionService.js:234:27)
    at GameHandler.handler.joinRoom (D:\test\game-server\app\servers\game\handler\handle.js:28:10)
    at Service.handle (D:\test\game-server\node_modules\pomelo\lib\common\service\handlerService.js:59:20)
    at handle (D:\test\game-server\node_modules\pomelo\lib\server\server.js:375:25)
    at next (D:\test\game-server\node_modules\pomelo\lib\common\service\filterService.js:50:7)
    at Service.beforeFilter (D:\test\game-server\node_modules\pomelo\lib\common\service\filterService.js:65:3)
    at beforeFilter (D:\test\game-server\node_modules\pomelo\lib\server\server.js:242:8)
    at doHandle (D:\test\game-server\node_modules\pomelo\lib\server\server.js:388:3)
[2017-04-18 11:05:13.335] [ERROR] pomelo-rpc - [31m[mqtt-acceptor] [39mprocess rpc message error TypeError: app.rpcInvoke is not a function
    at D:\test\game-server\node_modules\pomelo\lib\common\service\channelService.js:434:13
    at sendMessage (D:\test\game-server\node_modules\pomelo\lib\common\service\channelService.js:437:7)
    at sendMessageByGroup (D:\test\game-server\node_modules\pomelo\lib\common\service\channelService.js:444:7)
    at Channel.pushMessage (D:\test\game-server\node_modules\pomelo\lib\common\service\channelService.js:331:3)
    at Object.room.join (D:\test\game-server\app\servers\game\handler\handle.js:60:16)
    at GameHandler.handler.joinRoom (D:\test\game-server\app\servers\game\handler\handle.js:35:26)
    at Service.handle (D:\test\game-server\node_modules\pomelo\lib\common\service\handlerService.js:59:20)
    at handle (D:\test\game-server\node_modules\pomelo\lib\server\server.js:375:25)
    at next (D:\test\game-server\node_modules\pomelo\lib\common\service\filterService.js:50:7)
    at Service.beforeFilter (D:\test\game-server\node_modules\pomelo\lib\common\service\filterService.js:65:3)
[2017-04-18 11:14:25.169] [ERROR] pomelo-rpc - [31m[mqtt-acceptor] [39mprocess rpc message error TypeError: Cannot read property 'getByUid' of undefined
    at Remote.pushMessage (D:\test\game-server\node_modules\pomelo\lib\common\remote\frontend\channelRemote.js:38:30)
    at D:\test\game-server\node_modules\pomelo\lib\common\service\channelService.js:432:45
    at sendMessage (D:\test\game-server\node_modules\pomelo\lib\common\service\channelService.js:437:7)
    at sendMessageByGroup (D:\test\game-server\node_modules\pomelo\lib\common\service\channelService.js:444:7)
    at Channel.pushMessage (D:\test\game-server\node_modules\pomelo\lib\common\service\channelService.js:331:3)
    at Object.room.join (D:\test\game-server\app\servers\game\handler\handle.js:62:16)
    at GameHandler.handler.joinRoom (D:\test\game-server\app\servers\game\handler\handle.js:37:26)
    at Service.handle (D:\test\game-server\node_modules\pomelo\lib\common\service\handlerService.js:59:20)
    at handle (D:\test\game-server\node_modules\pomelo\lib\server\server.js:375:25)
    at next (D:\test\game-server\node_modules\pomelo\lib\common\service\filterService.js:50:7)
[2017-04-18 11:25:17.118] [ERROR] pomelo-rpc - [31m[mqtt-acceptor] [39mprocess rpc message error TypeError: Cannot read property 'getByUid' of undefined
    at Remote.pushMessage (D:\test\game-server\node_modules\pomelo\lib\common\remote\frontend\channelRemote.js:38:30)
    at D:\test\game-server\node_modules\pomelo\lib\common\service\channelService.js:432:45
    at sendMessage (D:\test\game-server\node_modules\pomelo\lib\common\service\channelService.js:437:7)
    at sendMessageByGroup (D:\test\game-server\node_modules\pomelo\lib\common\service\channelService.js:444:7)
    at Channel.pushMessage (D:\test\game-server\node_modules\pomelo\lib\common\service\channelService.js:331:3)
    at Object.room.join (D:\test\game-server\app\servers\game\handler\handle.js:62:16)
    at GameHandler.handler.joinRoom (D:\test\game-server\app\servers\game\handler\handle.js:37:26)
    at Service.handle (D:\test\game-server\node_modules\pomelo\lib\common\service\handlerService.js:59:20)
    at handle (D:\test\game-server\node_modules\pomelo\lib\server\server.js:375:25)
    at next (D:\test\game-server\node_modules\pomelo\lib\common\service\filterService.js:50:7)
[2017-04-18 11:41:43.512] [ERROR] pomelo-rpc - [31m[mqtt-acceptor] [39mprocess rpc message error TypeError: Cannot read property 'getByUid' of undefined
    at Remote.pushMessage (D:\test\game-server\node_modules\pomelo\lib\common\remote\frontend\channelRemote.js:38:30)
    at D:\test\game-server\node_modules\pomelo\lib\common\service\channelService.js:432:45
    at sendMessage (D:\test\game-server\node_modules\pomelo\lib\common\service\channelService.js:437:7)
    at sendMessageByGroup (D:\test\game-server\node_modules\pomelo\lib\common\service\channelService.js:444:7)
    at Channel.pushMessage (D:\test\game-server\node_modules\pomelo\lib\common\service\channelService.js:331:3)
    at Object.room.join (D:\test\game-server\app\servers\game\handler\handle.js:62:16)
    at GameHandler.handler.joinRoom (D:\test\game-server\app\servers\game\handler\handle.js:37:26)
    at Service.handle (D:\test\game-server\node_modules\pomelo\lib\common\service\handlerService.js:59:20)
    at handle (D:\test\game-server\node_modules\pomelo\lib\server\server.js:375:25)
    at next (D:\test\game-server\node_modules\pomelo\lib\common\service\filterService.js:50:7)
[2017-04-18 11:42:49.935] [ERROR] pomelo-rpc - [31m[mqtt-acceptor] [39mprocess rpc message error TypeError: Cannot read property 'getByUid' of undefined
    at Remote.pushMessage (D:\test\game-server\node_modules\pomelo\lib\common\remote\frontend\channelRemote.js:38:30)
    at D:\test\game-server\node_modules\pomelo\lib\common\service\channelService.js:432:45
    at sendMessage (D:\test\game-server\node_modules\pomelo\lib\common\service\channelService.js:437:7)
    at sendMessageByGroup (D:\test\game-server\node_modules\pomelo\lib\common\service\channelService.js:444:7)
    at Channel.pushMessage (D:\test\game-server\node_modules\pomelo\lib\common\service\channelService.js:331:3)
    at Object.room.join (D:\test\game-server\app\servers\game\handler\handle.js:62:16)
    at GameHandler.handler.joinRoom (D:\test\game-server\app\servers\game\handler\handle.js:37:26)
    at Service.handle (D:\test\game-server\node_modules\pomelo\lib\common\service\handlerService.js:59:20)
    at handle (D:\test\game-server\node_modules\pomelo\lib\server\server.js:375:25)
    at next (D:\test\game-server\node_modules\pomelo\lib\common\service\filterService.js:50:7)
[2017-04-18 11:47:10.412] [ERROR] pomelo-rpc - [31m[mqtt-acceptor] [39mprocess rpc message error TypeError: Cannot read property 'getByUid' of undefined
    at Remote.pushMessage (D:\test\game-server\node_modules\pomelo\lib\common\remote\frontend\channelRemote.js:38:30)
    at D:\test\game-server\node_modules\pomelo\lib\common\service\channelService.js:432:45
    at sendMessage (D:\test\game-server\node_modules\pomelo\lib\common\service\channelService.js:437:7)
    at sendMessageByGroup (D:\test\game-server\node_modules\pomelo\lib\common\service\channelService.js:444:7)
    at Channel.pushMessage (D:\test\game-server\node_modules\pomelo\lib\common\service\channelService.js:331:3)
    at Object.room.join (D:\test\game-server\app\servers\game\handler\handle.js:62:16)
    at GameHandler.handler.joinRoom (D:\test\game-server\app\servers\game\handler\handle.js:37:26)
    at Service.handle (D:\test\game-server\node_modules\pomelo\lib\common\service\handlerService.js:59:20)
    at handle (D:\test\game-server\node_modules\pomelo\lib\server\server.js:375:25)
    at next (D:\test\game-server\node_modules\pomelo\lib\common\service\filterService.js:50:7)
[2017-04-18 11:50:09.822] [ERROR] pomelo-rpc - [31m[mqtt-acceptor] [39mprocess rpc message error TypeError: Cannot read property 'getByUid' of undefined
    at Remote.pushMessage (D:\test\game-server\node_modules\pomelo\lib\common\remote\frontend\channelRemote.js:38:30)
    at D:\test\game-server\node_modules\pomelo\lib\common\service\channelService.js:432:45
    at sendMessage (D:\test\game-server\node_modules\pomelo\lib\common\service\channelService.js:437:7)
    at sendMessageByGroup (D:\test\game-server\node_modules\pomelo\lib\common\service\channelService.js:444:7)
    at Channel.pushMessage (D:\test\game-server\node_modules\pomelo\lib\common\service\channelService.js:331:3)
    at Object.room.join (D:\test\game-server\app\servers\game\handler\handle.js:62:16)
    at GameHandler.handler.joinRoom (D:\test\game-server\app\servers\game\handler\handle.js:37:26)
    at Service.handle (D:\test\game-server\node_modules\pomelo\lib\common\service\handlerService.js:59:20)
    at handle (D:\test\game-server\node_modules\pomelo\lib\server\server.js:375:25)
    at next (D:\test\game-server\node_modules\pomelo\lib\common\service\filterService.js:50:7)
[2017-04-18 11:51:40.343] [ERROR] pomelo-rpc - [31m[mqtt-acceptor] [39mprocess rpc message error TypeError: Cannot read property 'getByUid' of undefined
    at Remote.pushMessage (D:\test\game-server\node_modules\pomelo\lib\common\remote\frontend\channelRemote.js:38:30)
    at D:\test\game-server\node_modules\pomelo\lib\common\service\channelService.js:432:45
    at sendMessage (D:\test\game-server\node_modules\pomelo\lib\common\service\channelService.js:437:7)
    at sendMessageByGroup (D:\test\game-server\node_modules\pomelo\lib\common\service\channelService.js:444:7)
    at Channel.pushMessage (D:\test\game-server\node_modules\pomelo\lib\common\service\channelService.js:331:3)
    at Object.room.join (D:\test\game-server\app\servers\game\handler\handle.js:63:16)
    at GameHandler.handler.joinRoom (D:\test\game-server\app\servers\game\handler\handle.js:37:26)
    at Service.handle (D:\test\game-server\node_modules\pomelo\lib\common\service\handlerService.js:59:20)
    at handle (D:\test\game-server\node_modules\pomelo\lib\server\server.js:375:25)
    at next (D:\test\game-server\node_modules\pomelo\lib\common\service\filterService.js:50:7)
[2017-04-18 11:51:58.237] [ERROR] pomelo-rpc - [31m[mqtt-acceptor] [39mprocess rpc message error TypeError: Cannot read property 'getByUid' of undefined
    at Remote.pushMessage (D:\test\game-server\node_modules\pomelo\lib\common\remote\frontend\channelRemote.js:38:30)
    at D:\test\game-server\node_modules\pomelo\lib\common\service\channelService.js:432:45
    at sendMessage (D:\test\game-server\node_modules\pomelo\lib\common\service\channelService.js:437:7)
    at sendMessageByGroup (D:\test\game-server\node_modules\pomelo\lib\common\service\channelService.js:444:7)
    at Channel.pushMessage (D:\test\game-server\node_modules\pomelo\lib\common\service\channelService.js:331:3)
    at Object.room.join (D:\test\game-server\app\servers\game\handler\handle.js:63:16)
    at GameHandler.handler.joinRoom (D:\test\game-server\app\servers\game\handler\handle.js:37:26)
    at Service.handle (D:\test\game-server\node_modules\pomelo\lib\common\service\handlerService.js:59:20)
    at handle (D:\test\game-server\node_modules\pomelo\lib\server\server.js:375:25)
    at next (D:\test\game-server\node_modules\pomelo\lib\common\service\filterService.js:50:7)
[2017-04-18 11:52:30.981] [ERROR] pomelo-rpc - [31m[mqtt-acceptor] [39mprocess rpc message error TypeError: app.rpcInvoke is not a function
    at D:\test\game-server\node_modules\pomelo\lib\common\service\channelService.js:434:13
    at sendMessage (D:\test\game-server\node_modules\pomelo\lib\common\service\channelService.js:437:7)
    at sendMessageByGroup (D:\test\game-server\node_modules\pomelo\lib\common\service\channelService.js:444:7)
    at Channel.pushMessage (D:\test\game-server\node_modules\pomelo\lib\common\service\channelService.js:331:3)
    at Object.room.join (D:\test\game-server\app\servers\game\handler\handle.js:63:16)
    at GameHandler.handler.joinRoom (D:\test\game-server\app\servers\game\handler\handle.js:37:26)
    at Service.handle (D:\test\game-server\node_modules\pomelo\lib\common\service\handlerService.js:59:20)
    at handle (D:\test\game-server\node_modules\pomelo\lib\server\server.js:375:25)
    at next (D:\test\game-server\node_modules\pomelo\lib\common\service\filterService.js:50:7)
    at Service.beforeFilter (D:\test\game-server\node_modules\pomelo\lib\common\service\filterService.js:65:3)
[2017-04-18 16:08:47.493] [ERROR] pomelo-rpc - [31m[mqtt-acceptor] [39mprocess rpc message error TypeError: cb is not a function
    at GameRemote.checkUser [as joinRoom] (D:\test\game-server\app\servers\game\remote\remote.js:12:2)
    at Dispatcher.pro.route (D:\test\game-server\node_modules\pomelo-rpc\lib\rpc-server\dispatcher.js:52:10)
    at Acceptor.cb (D:\test\game-server\node_modules\pomelo-rpc\lib\rpc-server\gateway.js:22:16)
    at processMsg (D:\test\game-server\node_modules\pomelo-rpc\lib\rpc-server\acceptors\mqtt-acceptor.js:138:12)
    at Connection.<anonymous> (D:\test\game-server\node_modules\pomelo-rpc\lib\rpc-server\acceptors\mqtt-acceptor.js:62:11)
    at emitOne (events.js:96:13)
    at Connection.emit (events.js:191:7)
    at Connection.emitPacket (D:\test\game-server\node_modules\mqtt-connection\connection.js:14:8)
    at emitOne (events.js:96:13)
    at Connection.emit (events.js:191:7)
[2017-04-18 16:13:34.120] [ERROR] pomelo-rpc - [31m[mqtt-acceptor] [39mprocess rpc message error ReferenceError: GameHandler is not defined
    at GameRemote.checkUser [as joinRoom] (D:\test\game-server\app\servers\game\remote\remote.js:12:36)
    at Dispatcher.pro.route (D:\test\game-server\node_modules\pomelo-rpc\lib\rpc-server\dispatcher.js:52:10)
    at Acceptor.cb (D:\test\game-server\node_modules\pomelo-rpc\lib\rpc-server\gateway.js:22:16)
    at processMsg (D:\test\game-server\node_modules\pomelo-rpc\lib\rpc-server\acceptors\mqtt-acceptor.js:138:12)
    at Connection.<anonymous> (D:\test\game-server\node_modules\pomelo-rpc\lib\rpc-server\acceptors\mqtt-acceptor.js:62:11)
    at emitOne (events.js:96:13)
    at Connection.emit (events.js:191:7)
    at Connection.emitPacket (D:\test\game-server\node_modules\mqtt-connection\connection.js:14:8)
    at emitOne (events.js:96:13)
    at Connection.emit (events.js:191:7)
[2017-04-18 16:15:18.015] [ERROR] pomelo-rpc - [31m[mqtt-acceptor] [39mprocess rpc message error TypeError: Cannot read property 'roomList' of undefined
    at GameRemote.checkUser [as joinRoom] (D:\test\game-server\app\servers\game\remote\remote.js:12:56)
    at Dispatcher.pro.route (D:\test\game-server\node_modules\pomelo-rpc\lib\rpc-server\dispatcher.js:52:10)
    at Acceptor.cb (D:\test\game-server\node_modules\pomelo-rpc\lib\rpc-server\gateway.js:22:16)
    at processMsg (D:\test\game-server\node_modules\pomelo-rpc\lib\rpc-server\acceptors\mqtt-acceptor.js:138:12)
    at Connection.<anonymous> (D:\test\game-server\node_modules\pomelo-rpc\lib\rpc-server\acceptors\mqtt-acceptor.js:62:11)
    at emitOne (events.js:96:13)
    at Connection.emit (events.js:191:7)
    at Connection.emitPacket (D:\test\game-server\node_modules\mqtt-connection\connection.js:14:8)
    at emitOne (events.js:96:13)
    at Connection.emit (events.js:191:7)
[2017-04-18 17:48:49.459] [ERROR] pomelo-rpc - [31m[mqtt-acceptor] [39mprocess rpc message error TypeError: Cannot read property 'x' of undefined
    at GameRemote.checkUser [as joinRoom] (D:\test\game-server\app\servers\game\remote\remote.js:13:47)
    at Dispatcher.pro.route (D:\test\game-server\node_modules\pomelo-rpc\lib\rpc-server\dispatcher.js:52:10)
    at Acceptor.cb (D:\test\game-server\node_modules\pomelo-rpc\lib\rpc-server\gateway.js:22:16)
    at processMsg (D:\test\game-server\node_modules\pomelo-rpc\lib\rpc-server\acceptors\mqtt-acceptor.js:138:12)
    at Connection.<anonymous> (D:\test\game-server\node_modules\pomelo-rpc\lib\rpc-server\acceptors\mqtt-acceptor.js:62:11)
    at emitOne (events.js:96:13)
    at Connection.emit (events.js:191:7)
    at Connection.emitPacket (D:\test\game-server\node_modules\mqtt-connection\connection.js:14:8)
    at emitOne (events.js:96:13)
    at Connection.emit (events.js:191:7)
[2017-04-18 18:18:49.239] [ERROR] pomelo-rpc - [31m[mqtt-acceptor] [39mprocess rpc message error TypeError: Cannot read property 'cb' of undefined
    at GameRemote.checkUser [as joinRoom] (D:\test\game-server\app\servers\game\remote\remote.js:15:12)
    at Dispatcher.pro.route (D:\test\game-server\node_modules\pomelo-rpc\lib\rpc-server\dispatcher.js:52:10)
    at Acceptor.cb (D:\test\game-server\node_modules\pomelo-rpc\lib\rpc-server\gateway.js:22:16)
    at processMsg (D:\test\game-server\node_modules\pomelo-rpc\lib\rpc-server\acceptors\mqtt-acceptor.js:138:12)
    at Connection.<anonymous> (D:\test\game-server\node_modules\pomelo-rpc\lib\rpc-server\acceptors\mqtt-acceptor.js:62:11)
    at emitOne (events.js:96:13)
    at Connection.emit (events.js:191:7)
    at Connection.emitPacket (D:\test\game-server\node_modules\mqtt-connection\connection.js:14:8)
    at emitOne (events.js:96:13)
    at Connection.emit (events.js:191:7)
[2017-04-18 20:22:59.823] [ERROR] pomelo-rpc - [31m[mqtt-acceptor] [39mprocess rpc message error ReferenceError: i is not defined
    at GameRemote.checkUser [as joinRoom] (D:\test\game-server\app\servers\game\remote\remote.js:20:22)
    at Dispatcher.pro.route (D:\test\game-server\node_modules\pomelo-rpc\lib\rpc-server\dispatcher.js:52:10)
    at Acceptor.cb (D:\test\game-server\node_modules\pomelo-rpc\lib\rpc-server\gateway.js:22:16)
    at processMsg (D:\test\game-server\node_modules\pomelo-rpc\lib\rpc-server\acceptors\mqtt-acceptor.js:138:12)
    at Connection.<anonymous> (D:\test\game-server\node_modules\pomelo-rpc\lib\rpc-server\acceptors\mqtt-acceptor.js:62:11)
    at emitOne (events.js:96:13)
    at Connection.emit (events.js:191:7)
    at Connection.emitPacket (D:\test\game-server\node_modules\mqtt-connection\connection.js:14:8)
    at emitOne (events.js:96:13)
    at Connection.emit (events.js:191:7)
[2017-04-18 20:23:19.369] [ERROR] pomelo-rpc - [31m[mqtt-acceptor] [39mprocess rpc message error TypeError: Cannot read property 'getByUid' of undefined
    at Remote.pushMessage (D:\test\game-server\node_modules\pomelo\lib\common\remote\frontend\channelRemote.js:38:30)
    at D:\test\game-server\node_modules\pomelo\lib\common\service\channelService.js:432:45
    at sendMessage (D:\test\game-server\node_modules\pomelo\lib\common\service\channelService.js:437:7)
    at sendMessageByGroup (D:\test\game-server\node_modules\pomelo\lib\common\service\channelService.js:444:7)
    at Channel.pushMessage (D:\test\game-server\node_modules\pomelo\lib\common\service\channelService.js:331:3)
    at Object.room.join (D:\test\game-server\app\servers\game\remote\remote.js:50:16)
    at GameRemote.checkUser [as joinRoom] (D:\test\game-server\app\servers\game\remote\remote.js:20:25)
    at Dispatcher.pro.route (D:\test\game-server\node_modules\pomelo-rpc\lib\rpc-server\dispatcher.js:52:10)
    at Acceptor.cb (D:\test\game-server\node_modules\pomelo-rpc\lib\rpc-server\gateway.js:22:16)
    at processMsg (D:\test\game-server\node_modules\pomelo-rpc\lib\rpc-server\acceptors\mqtt-acceptor.js:138:12)
[2017-04-18 20:24:02.252] [ERROR] pomelo-rpc - [31m[mqtt-acceptor] [39mprocess rpc message error TypeError: Cannot read property 'getByUid' of undefined
    at Remote.pushMessage (D:\test\game-server\node_modules\pomelo\lib\common\remote\frontend\channelRemote.js:38:30)
    at D:\test\game-server\node_modules\pomelo\lib\common\service\channelService.js:432:45
    at sendMessage (D:\test\game-server\node_modules\pomelo\lib\common\service\channelService.js:437:7)
    at sendMessageByGroup (D:\test\game-server\node_modules\pomelo\lib\common\service\channelService.js:444:7)
    at Channel.pushMessage (D:\test\game-server\node_modules\pomelo\lib\common\service\channelService.js:331:3)
    at Object.room.join (D:\test\game-server\app\servers\game\remote\remote.js:50:16)
    at GameRemote.checkUser [as joinRoom] (D:\test\game-server\app\servers\game\remote\remote.js:20:25)
    at Dispatcher.pro.route (D:\test\game-server\node_modules\pomelo-rpc\lib\rpc-server\dispatcher.js:52:10)
    at Acceptor.cb (D:\test\game-server\node_modules\pomelo-rpc\lib\rpc-server\gateway.js:22:16)
    at processMsg (D:\test\game-server\node_modules\pomelo-rpc\lib\rpc-server\acceptors\mqtt-acceptor.js:138:12)
[2017-04-18 20:24:47.216] [ERROR] pomelo-rpc - [31m[mqtt-acceptor] [39mprocess rpc message error TypeError: app.rpcInvoke is not a function
    at D:\test\game-server\node_modules\pomelo\lib\common\service\channelService.js:434:13
    at sendMessage (D:\test\game-server\node_modules\pomelo\lib\common\service\channelService.js:437:7)
    at sendMessageByGroup (D:\test\game-server\node_modules\pomelo\lib\common\service\channelService.js:444:7)
    at Channel.pushMessage (D:\test\game-server\node_modules\pomelo\lib\common\service\channelService.js:331:3)
    at Object.room.join (D:\test\game-server\app\servers\game\remote\remote.js:50:16)
    at GameRemote.checkUser [as joinRoom] (D:\test\game-server\app\servers\game\remote\remote.js:20:25)
    at Dispatcher.pro.route (D:\test\game-server\node_modules\pomelo-rpc\lib\rpc-server\dispatcher.js:52:10)
    at Acceptor.cb (D:\test\game-server\node_modules\pomelo-rpc\lib\rpc-server\gateway.js:22:16)
    at processMsg (D:\test\game-server\node_modules\pomelo-rpc\lib\rpc-server\acceptors\mqtt-acceptor.js:138:12)
    at Connection.<anonymous> (D:\test\game-server\node_modules\pomelo-rpc\lib\rpc-server\acceptors\mqtt-acceptor.js:62:11)
[2017-04-18 20:39:18.480] [ERROR] pomelo-rpc - [31m[mqtt-acceptor] [39mprocess rpc message error TypeError: app.rpcInvoke is not a function
    at D:\test\game-server\node_modules\pomelo\lib\common\service\channelService.js:434:13
    at sendMessage (D:\test\game-server\node_modules\pomelo\lib\common\service\channelService.js:437:7)
    at sendMessageByGroup (D:\test\game-server\node_modules\pomelo\lib\common\service\channelService.js:444:7)
    at Channel.pushMessage (D:\test\game-server\node_modules\pomelo\lib\common\service\channelService.js:331:3)
    at GameRemote.checkUser [as joinRoom] (D:\test\game-server\app\servers\game\remote\remote.js:26:10)
    at Dispatcher.pro.route (D:\test\game-server\node_modules\pomelo-rpc\lib\rpc-server\dispatcher.js:52:10)
    at Acceptor.cb (D:\test\game-server\node_modules\pomelo-rpc\lib\rpc-server\gateway.js:22:16)
    at processMsg (D:\test\game-server\node_modules\pomelo-rpc\lib\rpc-server\acceptors\mqtt-acceptor.js:138:12)
    at Connection.<anonymous> (D:\test\game-server\node_modules\pomelo-rpc\lib\rpc-server\acceptors\mqtt-acceptor.js:62:11)
    at emitOne (events.js:96:13)
[2017-04-18 20:52:58.113] [ERROR] pomelo-rpc - [31m[mqtt-acceptor] [39mprocess rpc message error TypeError: this.get is not a function
    at GameRemote.add (D:\test\game-server\app\servers\game\remote\remote.js:94:10)
    at Dispatcher.pro.route (D:\test\game-server\node_modules\pomelo-rpc\lib\rpc-server\dispatcher.js:52:10)
    at Acceptor.cb (D:\test\game-server\node_modules\pomelo-rpc\lib\rpc-server\gateway.js:22:16)
    at processMsg (D:\test\game-server\node_modules\pomelo-rpc\lib\rpc-server\acceptors\mqtt-acceptor.js:138:12)
    at Connection.<anonymous> (D:\test\game-server\node_modules\pomelo-rpc\lib\rpc-server\acceptors\mqtt-acceptor.js:62:11)
    at emitOne (events.js:96:13)
    at Connection.emit (events.js:191:7)
    at Connection.emitPacket (D:\test\game-server\node_modules\mqtt-connection\connection.js:14:8)
    at emitOne (events.js:96:13)
    at Connection.emit (events.js:191:7)
[2017-04-18 20:52:58.122] [ERROR] pomelo-rpc - [31m[mqtt-acceptor] [39mprocess rpc message error TypeError: app.rpcInvoke is not a function
    at D:\test\game-server\node_modules\pomelo\lib\common\service\channelService.js:434:13
    at sendMessage (D:\test\game-server\node_modules\pomelo\lib\common\service\channelService.js:437:7)
    at sendMessageByGroup (D:\test\game-server\node_modules\pomelo\lib\common\service\channelService.js:444:7)
    at Channel.pushMessage (D:\test\game-server\node_modules\pomelo\lib\common\service\channelService.js:331:3)
    at GameRemote.checkUser [as joinRoom] (D:\test\game-server\app\servers\game\remote\remote.js:26:10)
    at Dispatcher.pro.route (D:\test\game-server\node_modules\pomelo-rpc\lib\rpc-server\dispatcher.js:52:10)
    at Acceptor.cb (D:\test\game-server\node_modules\pomelo-rpc\lib\rpc-server\gateway.js:22:16)
    at processMsg (D:\test\game-server\node_modules\pomelo-rpc\lib\rpc-server\acceptors\mqtt-acceptor.js:138:12)
    at Connection.<anonymous> (D:\test\game-server\node_modules\pomelo-rpc\lib\rpc-server\acceptors\mqtt-acceptor.js:62:11)
    at emitOne (events.js:96:13)
[2017-04-18 21:09:39.293] [ERROR] pomelo-rpc - [31m[mqtt-acceptor] [39mprocess rpc message error TypeError: this.get is not a function
    at GameRemote.add (D:\test\game-server\app\servers\game\remote\remote.js:95:10)
    at Dispatcher.pro.route (D:\test\game-server\node_modules\pomelo-rpc\lib\rpc-server\dispatcher.js:52:10)
    at Acceptor.cb (D:\test\game-server\node_modules\pomelo-rpc\lib\rpc-server\gateway.js:22:16)
    at processMsg (D:\test\game-server\node_modules\pomelo-rpc\lib\rpc-server\acceptors\mqtt-acceptor.js:138:12)
    at Connection.<anonymous> (D:\test\game-server\node_modules\pomelo-rpc\lib\rpc-server\acceptors\mqtt-acceptor.js:62:11)
    at emitOne (events.js:96:13)
    at Connection.emit (events.js:191:7)
    at Connection.emitPacket (D:\test\game-server\node_modules\mqtt-connection\connection.js:14:8)
    at emitOne (events.js:96:13)
    at Connection.emit (events.js:191:7)
[2017-04-18 21:21:37.019] [ERROR] pomelo-rpc - [31m[mqtt-acceptor] [39mprocess rpc message error TypeError: app.rpcInvoke is not a function
    at D:\test\game-server\node_modules\pomelo\lib\common\service\channelService.js:434:13
    at sendMessage (D:\test\game-server\node_modules\pomelo\lib\common\service\channelService.js:437:7)
    at sendMessageByGroup (D:\test\game-server\node_modules\pomelo\lib\common\service\channelService.js:444:7)
    at Channel.pushMessage (D:\test\game-server\node_modules\pomelo\lib\common\service\channelService.js:331:3)
    at GameRemote.checkUser [as joinRoom] (D:\test\game-server\app\servers\game\remote\remote.js:26:10)
    at Dispatcher.pro.route (D:\test\game-server\node_modules\pomelo-rpc\lib\rpc-server\dispatcher.js:52:10)
    at Acceptor.cb (D:\test\game-server\node_modules\pomelo-rpc\lib\rpc-server\gateway.js:22:16)
    at processMsg (D:\test\game-server\node_modules\pomelo-rpc\lib\rpc-server\acceptors\mqtt-acceptor.js:138:12)
    at Connection.<anonymous> (D:\test\game-server\node_modules\pomelo-rpc\lib\rpc-server\acceptors\mqtt-acceptor.js:62:11)
    at emitOne (events.js:96:13)
[2017-04-18 21:23:03.237] [ERROR] pomelo-rpc - [31m[mqtt-acceptor] [39mprocess rpc message error TypeError: app.rpcInvoke is not a function
    at D:\test\game-server\node_modules\pomelo\lib\common\service\channelService.js:434:13
    at sendMessage (D:\test\game-server\node_modules\pomelo\lib\common\service\channelService.js:437:7)
    at sendMessageByGroup (D:\test\game-server\node_modules\pomelo\lib\common\service\channelService.js:444:7)
    at Channel.pushMessage (D:\test\game-server\node_modules\pomelo\lib\common\service\channelService.js:331:3)
    at GameRemote.add (D:\test\game-server\app\servers\game\remote\remote.js:83:10)
    at Dispatcher.pro.route (D:\test\game-server\node_modules\pomelo-rpc\lib\rpc-server\dispatcher.js:52:10)
    at Acceptor.cb (D:\test\game-server\node_modules\pomelo-rpc\lib\rpc-server\gateway.js:22:16)
    at processMsg (D:\test\game-server\node_modules\pomelo-rpc\lib\rpc-server\acceptors\mqtt-acceptor.js:138:12)
    at Connection.<anonymous> (D:\test\game-server\node_modules\pomelo-rpc\lib\rpc-server\acceptors\mqtt-acceptor.js:62:11)
    at emitOne (events.js:96:13)
[2017-04-18 21:23:17.607] [ERROR] pomelo-rpc - [31m[mqtt-acceptor] [39mprocess rpc message error TypeError: app.rpcInvoke is not a function
    at D:\test\game-server\node_modules\pomelo\lib\common\service\channelService.js:434:13
    at sendMessage (D:\test\game-server\node_modules\pomelo\lib\common\service\channelService.js:437:7)
    at sendMessageByGroup (D:\test\game-server\node_modules\pomelo\lib\common\service\channelService.js:444:7)
    at Channel.pushMessage (D:\test\game-server\node_modules\pomelo\lib\common\service\channelService.js:331:3)
    at GameRemote.add (D:\test\game-server\app\servers\game\remote\remote.js:81:10)
    at Dispatcher.pro.route (D:\test\game-server\node_modules\pomelo-rpc\lib\rpc-server\dispatcher.js:52:10)
    at Acceptor.cb (D:\test\game-server\node_modules\pomelo-rpc\lib\rpc-server\gateway.js:22:16)
    at processMsg (D:\test\game-server\node_modules\pomelo-rpc\lib\rpc-server\acceptors\mqtt-acceptor.js:138:12)
    at Connection.<anonymous> (D:\test\game-server\node_modules\pomelo-rpc\lib\rpc-server\acceptors\mqtt-acceptor.js:62:11)
    at emitOne (events.js:96:13)
[2017-04-18 21:23:22.569] [ERROR] pomelo-rpc - [31m[mqtt-acceptor] [39mprocess rpc message error TypeError: app.rpcInvoke is not a function
    at D:\test\game-server\node_modules\pomelo\lib\common\service\channelService.js:434:13
    at sendMessage (D:\test\game-server\node_modules\pomelo\lib\common\service\channelService.js:437:7)
    at sendMessageByGroup (D:\test\game-server\node_modules\pomelo\lib\common\service\channelService.js:444:7)
    at Channel.pushMessage (D:\test\game-server\node_modules\pomelo\lib\common\service\channelService.js:331:3)
    at GameRemote.add (D:\test\game-server\app\servers\game\remote\remote.js:81:10)
    at Dispatcher.pro.route (D:\test\game-server\node_modules\pomelo-rpc\lib\rpc-server\dispatcher.js:52:10)
    at Acceptor.cb (D:\test\game-server\node_modules\pomelo-rpc\lib\rpc-server\gateway.js:22:16)
    at processMsg (D:\test\game-server\node_modules\pomelo-rpc\lib\rpc-server\acceptors\mqtt-acceptor.js:138:12)
    at Connection.<anonymous> (D:\test\game-server\node_modules\pomelo-rpc\lib\rpc-server\acceptors\mqtt-acceptor.js:62:11)
    at emitOne (events.js:96:13)
[2017-04-18 21:24:23.209] [ERROR] pomelo-rpc - [31m[mqtt-acceptor] [39mprocess rpc message error TypeError: app.rpcInvoke is not a function
    at D:\test\game-server\node_modules\pomelo\lib\common\service\channelService.js:434:13
    at sendMessage (D:\test\game-server\node_modules\pomelo\lib\common\service\channelService.js:437:7)
    at sendMessageByGroup (D:\test\game-server\node_modules\pomelo\lib\common\service\channelService.js:444:7)
    at Channel.pushMessage (D:\test\game-server\node_modules\pomelo\lib\common\service\channelService.js:331:3)
    at GameRemote.add (D:\test\game-server\app\servers\game\remote\remote.js:82:10)
    at Dispatcher.pro.route (D:\test\game-server\node_modules\pomelo-rpc\lib\rpc-server\dispatcher.js:52:10)
    at Acceptor.cb (D:\test\game-server\node_modules\pomelo-rpc\lib\rpc-server\gateway.js:22:16)
    at processMsg (D:\test\game-server\node_modules\pomelo-rpc\lib\rpc-server\acceptors\mqtt-acceptor.js:138:12)
    at Connection.<anonymous> (D:\test\game-server\node_modules\pomelo-rpc\lib\rpc-server\acceptors\mqtt-acceptor.js:62:11)
    at emitOne (events.js:96:13)
[2017-04-19 11:15:41.759] [ERROR] pomelo-rpc - [31m[mqtt-acceptor] [39mprocess rpc message error TypeError: Cannot read property 'getChannel' of undefined
    at Object.local.add (D:\test\game-server\app\servers\game\remote\remote.js:88:41)
    at GameRemote.receive (D:\test\game-server\app\servers\game\remote\remote.js:75:10)
    at Dispatcher.pro.route (D:\test\game-server\node_modules\pomelo-rpc\lib\rpc-server\dispatcher.js:52:10)
    at Acceptor.cb (D:\test\game-server\node_modules\pomelo-rpc\lib\rpc-server\gateway.js:22:16)
    at processMsg (D:\test\game-server\node_modules\pomelo-rpc\lib\rpc-server\acceptors\mqtt-acceptor.js:138:12)
    at Connection.<anonymous> (D:\test\game-server\node_modules\pomelo-rpc\lib\rpc-server\acceptors\mqtt-acceptor.js:62:11)
    at emitOne (events.js:96:13)
    at Connection.emit (events.js:191:7)
    at Connection.emitPacket (D:\test\game-server\node_modules\mqtt-connection\connection.js:14:8)
    at emitOne (events.js:96:13)
[2017-04-19 15:30:13.918] [ERROR] pomelo-rpc - [31m[mqtt-acceptor] [39mprocess rpc message error TypeError: uid.split is not a function
    at Object.local.add (D:\test\game-server\app\servers\game\remote\remote.js:90:21)
    at GameRemote.receive (D:\test\game-server\app\servers\game\remote\remote.js:75:10)
    at Dispatcher.pro.route (D:\test\game-server\node_modules\pomelo-rpc\lib\rpc-server\dispatcher.js:52:10)
    at Acceptor.cb (D:\test\game-server\node_modules\pomelo-rpc\lib\rpc-server\gateway.js:22:16)
    at processMsg (D:\test\game-server\node_modules\pomelo-rpc\lib\rpc-server\acceptors\mqtt-acceptor.js:138:12)
    at Connection.<anonymous> (D:\test\game-server\node_modules\pomelo-rpc\lib\rpc-server\acceptors\mqtt-acceptor.js:62:11)
    at emitOne (events.js:96:13)
    at Connection.emit (events.js:191:7)
    at Connection.emitPacket (D:\test\game-server\node_modules\mqtt-connection\connection.js:14:8)
    at emitOne (events.js:96:13)
[2017-04-19 15:32:39.491] [ERROR] pomelo-rpc - [31m[mqtt-acceptor] [39mprocess rpc message error TypeError: app.rpcInvoke is not a function
    at D:\test\game-server\node_modules\pomelo\lib\common\service\channelService.js:434:13
    at sendMessage (D:\test\game-server\node_modules\pomelo\lib\common\service\channelService.js:437:7)
    at sendMessageByGroup (D:\test\game-server\node_modules\pomelo\lib\common\service\channelService.js:444:7)
    at Channel.pushMessage (D:\test\game-server\node_modules\pomelo\lib\common\service\channelService.js:331:3)
    at Object.local.send (D:\test\game-server\app\servers\game\remote\remote.js:107:10)
    at GameRemote.receive (D:\test\game-server\app\servers\game\remote\remote.js:79:10)
    at Dispatcher.pro.route (D:\test\game-server\node_modules\pomelo-rpc\lib\rpc-server\dispatcher.js:52:10)
    at Acceptor.cb (D:\test\game-server\node_modules\pomelo-rpc\lib\rpc-server\gateway.js:22:16)
    at processMsg (D:\test\game-server\node_modules\pomelo-rpc\lib\rpc-server\acceptors\mqtt-acceptor.js:138:12)
    at Connection.<anonymous> (D:\test\game-server\node_modules\pomelo-rpc\lib\rpc-server\acceptors\mqtt-acceptor.js:62:11)
[2017-04-19 15:50:11.263] [ERROR] pomelo-rpc - [31m[mqtt-acceptor] [39mprocess rpc message error TypeError: app.rpcInvoke is not a function
    at D:\test\game-server\node_modules\pomelo\lib\common\service\channelService.js:434:13
    at sendMessage (D:\test\game-server\node_modules\pomelo\lib\common\service\channelService.js:437:7)
    at sendMessageByGroup (D:\test\game-server\node_modules\pomelo\lib\common\service\channelService.js:444:7)
    at Channel.pushMessage (D:\test\game-server\node_modules\pomelo\lib\common\service\channelService.js:331:3)
    at Object.local.send (D:\test\game-server\app\servers\game\remote\remote.js:106:11)
    at GameRemote.receive (D:\test\game-server\app\servers\game\remote\remote.js:78:10)
    at Dispatcher.pro.route (D:\test\game-server\node_modules\pomelo-rpc\lib\rpc-server\dispatcher.js:52:10)
    at Acceptor.cb (D:\test\game-server\node_modules\pomelo-rpc\lib\rpc-server\gateway.js:22:16)
    at processMsg (D:\test\game-server\node_modules\pomelo-rpc\lib\rpc-server\acceptors\mqtt-acceptor.js:138:12)
    at Connection.<anonymous> (D:\test\game-server\node_modules\pomelo-rpc\lib\rpc-server\acceptors\mqtt-acceptor.js:62:11)
[2017-04-20 14:45:39.639] [ERROR] pomelo-rpc - [31m[mqtt-acceptor] [39mprocess rpc message error ReferenceError: channel is not defined
    at Object.local.add (D:\test\game-server\app\servers\game\remote\remote.js:96:9)
    at GameRemote.receive (D:\test\game-server\app\servers\game\remote\remote.js:79:10)
    at Dispatcher.pro.route (D:\test\game-server\node_modules\pomelo-rpc\lib\rpc-server\dispatcher.js:52:10)
    at Acceptor.cb (D:\test\game-server\node_modules\pomelo-rpc\lib\rpc-server\gateway.js:22:16)
    at processMsg (D:\test\game-server\node_modules\pomelo-rpc\lib\rpc-server\acceptors\mqtt-acceptor.js:138:12)
    at Connection.<anonymous> (D:\test\game-server\node_modules\pomelo-rpc\lib\rpc-server\acceptors\mqtt-acceptor.js:62:11)
    at emitOne (events.js:96:13)
    at Connection.emit (events.js:191:7)
    at Connection.emitPacket (D:\test\game-server\node_modules\mqtt-connection\connection.js:14:8)
    at emitOne (events.js:96:13)
[2017-04-20 14:51:08.707] [ERROR] pomelo-rpc - [31m[mqtt-acceptor] [39mprocess rpc message error TypeError: cb is not a function
    at Object.local.add (D:\test\game-server\app\servers\game\remote\remote.js:99:2)
    at GameRemote.receive (D:\test\game-server\app\servers\game\remote\remote.js:79:10)
    at Dispatcher.pro.route (D:\test\game-server\node_modules\pomelo-rpc\lib\rpc-server\dispatcher.js:52:10)
    at Acceptor.cb (D:\test\game-server\node_modules\pomelo-rpc\lib\rpc-server\gateway.js:22:16)
    at processMsg (D:\test\game-server\node_modules\pomelo-rpc\lib\rpc-server\acceptors\mqtt-acceptor.js:138:12)
    at Connection.<anonymous> (D:\test\game-server\node_modules\pomelo-rpc\lib\rpc-server\acceptors\mqtt-acceptor.js:62:11)
    at emitOne (events.js:96:13)
    at Connection.emit (events.js:191:7)
    at Connection.emitPacket (D:\test\game-server\node_modules\mqtt-connection\connection.js:14:8)
    at emitOne (events.js:96:13)
[2017-04-20 15:00:19.652] [ERROR] pomelo-rpc - [31m[MailStation] [39m[pomelo-rpc] unknown server: [object Object]
[2017-04-20 15:00:19.654] [ERROR] pomelo-rpc - [31m[MailStation] [39m[pomelo-rpc] fail to find remote server:[object Object]
[2017-04-20 15:00:19.655] [ERROR] pomelo-rpc - [31m[failprocess] [39mrpc failed with error, remote server: [object Object], msg: {"namespace":"sys","service":"channelRemote","method":"pushMessage","args":["enter",{"uid":1001},[1001],{"type":"push","userOptions":{},"isPush":true}]}, error code: 2
[2017-04-20 15:02:59.197] [ERROR] pomelo-rpc - [31m[MailStation] [39m[pomelo-rpc] unknown server: [object Object]
[2017-04-20 15:02:59.200] [ERROR] pomelo-rpc - [31m[MailStation] [39m[pomelo-rpc] fail to find remote server:[object Object]
[2017-04-20 15:02:59.201] [ERROR] pomelo-rpc - [31m[failprocess] [39mrpc failed with error, remote server: [object Object], msg: {"namespace":"sys","service":"channelRemote","method":"pushMessage","args":["enter",{"uid":1001},[1001],{"type":"push","userOptions":{},"isPush":true}]}, error code: 2
[2017-04-20 15:06:17.579] [ERROR] pomelo-rpc - [31m[MailStation] [39m[pomelo-rpc] unknown server: [object Object]
[2017-04-20 15:06:17.579] [ERROR] pomelo-rpc - [31m[MailStation] [39m[pomelo-rpc] fail to find remote server:[object Object]
[2017-04-20 15:06:17.580] [ERROR] pomelo-rpc - [31m[failprocess] [39mrpc failed with error, remote server: [object Object], msg: {"namespace":"sys","service":"channelRemote","method":"pushMessage","args":["enter",{"uid":1001},[1001],{"type":"push","userOptions":{},"isPush":true}]}, error code: 2
[2017-04-20 15:09:06.588] [ERROR] pomelo-rpc - [31m[MailStation] [39m[pomelo-rpc] unknown server: [object Object]
[2017-04-20 15:09:06.588] [ERROR] pomelo-rpc - [31m[MailStation] [39m[pomelo-rpc] fail to find remote server:[object Object]
[2017-04-20 15:09:06.589] [ERROR] pomelo-rpc - [31m[failprocess] [39mrpc failed with error, remote server: [object Object], msg: {"namespace":"sys","service":"channelRemote","method":"pushMessage","args":["enter",{"uid":1001},[1001],{"type":"push","userOptions":{},"isPush":true}]}, error code: 2
[2017-04-20 16:09:38.894] [ERROR] pomelo-rpc - [31m[mqtt-acceptor] [39mprocess rpc message error ReferenceError: msg is not defined
    at GameRemote.receive (D:\test\game-server\app\servers\game\remote\remote.js:30:5)
    at Dispatcher.pro.route (D:\test\game-server\node_modules\pomelo-rpc\lib\rpc-server\dispatcher.js:52:10)
    at Acceptor.cb (D:\test\game-server\node_modules\pomelo-rpc\lib\rpc-server\gateway.js:22:16)
    at processMsg (D:\test\game-server\node_modules\pomelo-rpc\lib\rpc-server\acceptors\mqtt-acceptor.js:138:12)
    at Connection.<anonymous> (D:\test\game-server\node_modules\pomelo-rpc\lib\rpc-server\acceptors\mqtt-acceptor.js:62:11)
    at emitOne (events.js:96:13)
    at Connection.emit (events.js:191:7)
    at Connection.emitPacket (D:\test\game-server\node_modules\mqtt-connection\connection.js:14:8)
    at emitOne (events.js:96:13)
    at Connection.emit (events.js:191:7)
[2017-04-20 16:10:07.624] [ERROR] pomelo-rpc - [31m[mqtt-acceptor] [39mprocess rpc message error ReferenceError: msg is not defined
    at GameRemote.receive (D:\test\game-server\app\servers\game\remote\remote.js:30:5)
    at Dispatcher.pro.route (D:\test\game-server\node_modules\pomelo-rpc\lib\rpc-server\dispatcher.js:52:10)
    at Acceptor.cb (D:\test\game-server\node_modules\pomelo-rpc\lib\rpc-server\gateway.js:22:16)
    at processMsg (D:\test\game-server\node_modules\pomelo-rpc\lib\rpc-server\acceptors\mqtt-acceptor.js:138:12)
    at Connection.<anonymous> (D:\test\game-server\node_modules\pomelo-rpc\lib\rpc-server\acceptors\mqtt-acceptor.js:62:11)
    at emitOne (events.js:96:13)
    at Connection.emit (events.js:191:7)
    at Connection.emitPacket (D:\test\game-server\node_modules\mqtt-connection\connection.js:14:8)
    at emitOne (events.js:96:13)
    at Connection.emit (events.js:191:7)
[2017-04-20 16:12:01.226] [ERROR] pomelo-rpc - [31m[mqtt-acceptor] [39mprocess rpc message error ReferenceError: msg is not defined
    at GameRemote.receive (D:\test\game-server\app\servers\game\remote\remote.js:29:5)
    at Dispatcher.pro.route (D:\test\game-server\node_modules\pomelo-rpc\lib\rpc-server\dispatcher.js:52:10)
    at Acceptor.cb (D:\test\game-server\node_modules\pomelo-rpc\lib\rpc-server\gateway.js:22:16)
    at processMsg (D:\test\game-server\node_modules\pomelo-rpc\lib\rpc-server\acceptors\mqtt-acceptor.js:138:12)
    at Connection.<anonymous> (D:\test\game-server\node_modules\pomelo-rpc\lib\rpc-server\acceptors\mqtt-acceptor.js:62:11)
    at emitOne (events.js:96:13)
    at Connection.emit (events.js:191:7)
    at Connection.emitPacket (D:\test\game-server\node_modules\mqtt-connection\connection.js:14:8)
    at emitOne (events.js:96:13)
    at Connection.emit (events.js:191:7)
[2017-04-20 16:15:57.348] [ERROR] pomelo-rpc - [31m[mqtt-acceptor] [39mprocess rpc message error ReferenceError: GameRemote is not defined
    at Object.room.join (D:\test\game-server\app\games\NiuNiu.js:12:5)
    at GameRemote.receive (D:\test\game-server\app\servers\game\remote\remote.js:32:32)
    at Dispatcher.pro.route (D:\test\game-server\node_modules\pomelo-rpc\lib\rpc-server\dispatcher.js:52:10)
    at Acceptor.cb (D:\test\game-server\node_modules\pomelo-rpc\lib\rpc-server\gateway.js:22:16)
    at processMsg (D:\test\game-server\node_modules\pomelo-rpc\lib\rpc-server\acceptors\mqtt-acceptor.js:138:12)
    at Connection.<anonymous> (D:\test\game-server\node_modules\pomelo-rpc\lib\rpc-server\acceptors\mqtt-acceptor.js:62:11)
    at emitOne (events.js:96:13)
    at Connection.emit (events.js:191:7)
    at Connection.emitPacket (D:\test\game-server\node_modules\mqtt-connection\connection.js:14:8)
    at emitOne (events.js:96:13)
[2017-04-20 16:23:27.307] [ERROR] pomelo-rpc - [31m[mqtt-acceptor] [39mprocess rpc message error TypeError: Cannot read property 'msg' of null
    at Object.room.send (D:\test\game-server\app\games\NiuNiu.js:36:19)
    at GameRemote.receive (D:\test\game-server\app\servers\game\remote\remote.js:48:37)
    at Dispatcher.pro.route (D:\test\game-server\node_modules\pomelo-rpc\lib\rpc-server\dispatcher.js:52:10)
    at Acceptor.cb (D:\test\game-server\node_modules\pomelo-rpc\lib\rpc-server\gateway.js:22:16)
    at processMsg (D:\test\game-server\node_modules\pomelo-rpc\lib\rpc-server\acceptors\mqtt-acceptor.js:138:12)
    at Connection.<anonymous> (D:\test\game-server\node_modules\pomelo-rpc\lib\rpc-server\acceptors\mqtt-acceptor.js:62:11)
    at emitOne (events.js:96:13)
    at Connection.emit (events.js:191:7)
    at Connection.emitPacket (D:\test\game-server\node_modules\mqtt-connection\connection.js:14:8)
    at emitOne (events.js:96:13)
[2017-04-21 11:32:46.441] [ERROR] pomelo-rpc - [31m[mqtt-acceptor] [39mprocess rpc message error TypeError: Cannot read property 'sid' of undefined
    at Object.local.sendUid (D:\test\game-server\app\games\NiuNiu.js:168:47)
    at Object.local.gameBegin (D:\test\game-server\app\games\NiuNiu.js:157:13)
    at Object.room.ready (D:\test\game-server\app\games\NiuNiu.js:119:17)
    at GameRemote.receive (D:\test\game-server\app\servers\game\remote\remote.js:48:37)
    at Dispatcher.pro.route (D:\test\game-server\node_modules\pomelo-rpc\lib\rpc-server\dispatcher.js:52:10)
    at Acceptor.cb (D:\test\game-server\node_modules\pomelo-rpc\lib\rpc-server\gateway.js:22:16)
    at processMsg (D:\test\game-server\node_modules\pomelo-rpc\lib\rpc-server\acceptors\mqtt-acceptor.js:138:12)
    at Connection.<anonymous> (D:\test\game-server\node_modules\pomelo-rpc\lib\rpc-server\acceptors\mqtt-acceptor.js:62:11)
    at emitOne (events.js:96:13)
    at Connection.emit (events.js:191:7)
[2017-04-21 11:37:59.512] [ERROR] pomelo-rpc - [31m[mqtt-acceptor] [39mprocess rpc message error ReferenceError: param is not defined
    at Object.local.sendUid (D:\test\game-server\app\games\NiuNiu.js:168:53)
    at Object.local.gameBegin (D:\test\game-server\app\games\NiuNiu.js:157:13)
    at Object.room.ready (D:\test\game-server\app\games\NiuNiu.js:119:17)
    at GameRemote.receive (D:\test\game-server\app\servers\game\remote\remote.js:48:37)
    at Dispatcher.pro.route (D:\test\game-server\node_modules\pomelo-rpc\lib\rpc-server\dispatcher.js:52:10)
    at Acceptor.cb (D:\test\game-server\node_modules\pomelo-rpc\lib\rpc-server\gateway.js:22:16)
    at processMsg (D:\test\game-server\node_modules\pomelo-rpc\lib\rpc-server\acceptors\mqtt-acceptor.js:138:12)
    at Connection.<anonymous> (D:\test\game-server\node_modules\pomelo-rpc\lib\rpc-server\acceptors\mqtt-acceptor.js:62:11)
    at emitOne (events.js:96:13)
    at Connection.emit (events.js:191:7)
