[2017-04-16 16:59:34.366] [ERROR] pomelo-rpc - [31m[mqtt-acceptor] [39mprocess rpc message error TypeError: cb is not a function
    at remote.checkUser (D:\test\game-server\app\servers\login\remote\remote.js:16:3)
    at Dispatcher.pro.route (D:\test\game-server\node_modules\pomelo-rpc\lib\rpc-server\dispatcher.js:52:10)
    at Acceptor.cb (D:\test\game-server\node_modules\pomelo-rpc\lib\rpc-server\gateway.js:22:16)
    at processMsg (D:\test\game-server\node_modules\pomelo-rpc\lib\rpc-server\acceptors\mqtt-acceptor.js:138:12)
    at Connection.<anonymous> (D:\test\game-server\node_modules\pomelo-rpc\lib\rpc-server\acceptors\mqtt-acceptor.js:62:11)
    at emitOne (events.js:96:13)
    at Connection.emit (events.js:191:7)
    at Connection.emitPacket (D:\test\game-server\node_modules\mqtt-connection\connection.js:14:8)
    at emitOne (events.js:96:13)
    at Connection.emit (events.js:191:7)
[2017-04-16 17:01:56.675] [ERROR] pomelo-rpc - [31m[mqtt-acceptor] [39mprocess rpc message error ReferenceError: Consolo is not defined
    at remote.checkUser (D:\test\game-server\app\servers\login\remote\remote.js:17:3)
    at Dispatcher.pro.route (D:\test\game-server\node_modules\pomelo-rpc\lib\rpc-server\dispatcher.js:52:10)
    at Acceptor.cb (D:\test\game-server\node_modules\pomelo-rpc\lib\rpc-server\gateway.js:22:16)
    at processMsg (D:\test\game-server\node_modules\pomelo-rpc\lib\rpc-server\acceptors\mqtt-acceptor.js:138:12)
    at Connection.<anonymous> (D:\test\game-server\node_modules\pomelo-rpc\lib\rpc-server\acceptors\mqtt-acceptor.js:62:11)
    at emitOne (events.js:96:13)
    at Connection.emit (events.js:191:7)
    at Connection.emitPacket (D:\test\game-server\node_modules\mqtt-connection\connection.js:14:8)
    at emitOne (events.js:96:13)
    at Connection.emit (events.js:191:7)
[2017-04-16 17:07:24.050] [ERROR] pomelo-rpc - [31m[mqtt-acceptor] [39mprocess rpc message error TypeError: cb is not a function
    at remote.checkUser (D:\test\game-server\app\servers\login\remote\remote.js:16:3)
    at Dispatcher.pro.route (D:\test\game-server\node_modules\pomelo-rpc\lib\rpc-server\dispatcher.js:52:10)
    at Acceptor.cb (D:\test\game-server\node_modules\pomelo-rpc\lib\rpc-server\gateway.js:22:16)
    at processMsg (D:\test\game-server\node_modules\pomelo-rpc\lib\rpc-server\acceptors\mqtt-acceptor.js:138:12)
    at Connection.<anonymous> (D:\test\game-server\node_modules\pomelo-rpc\lib\rpc-server\acceptors\mqtt-acceptor.js:62:11)
    at emitOne (events.js:96:13)
    at Connection.emit (events.js:191:7)
    at Connection.emitPacket (D:\test\game-server\node_modules\mqtt-connection\connection.js:14:8)
    at emitOne (events.js:96:13)
    at Connection.emit (events.js:191:7)
[2017-04-17 17:39:00.440] [ERROR] pomelo-rpc - [31m[mqtt-acceptor] [39mprocess rpc message error TypeError: cb is not a function
    at remote.checkUser (D:\test\game-server\app\servers\login\remote\remote.js:16:3)
    at Dispatcher.pro.route (D:\test\game-server\node_modules\pomelo-rpc\lib\rpc-server\dispatcher.js:52:10)
    at Acceptor.cb (D:\test\game-server\node_modules\pomelo-rpc\lib\rpc-server\gateway.js:22:16)
    at processMsg (D:\test\game-server\node_modules\pomelo-rpc\lib\rpc-server\acceptors\mqtt-acceptor.js:138:12)
    at Connection.<anonymous> (D:\test\game-server\node_modules\pomelo-rpc\lib\rpc-server\acceptors\mqtt-acceptor.js:62:11)
    at emitOne (events.js:96:13)
    at Connection.emit (events.js:191:7)
    at Connection.emitPacket (D:\test\game-server\node_modules\mqtt-connection\connection.js:14:8)
    at emitOne (events.js:96:13)
    at Connection.emit (events.js:191:7)
[2017-04-17 17:43:34.490] [ERROR] pomelo-rpc - [31m[mqtt-acceptor] [39mprocess rpc message error TypeError: cb is not a function
    at remote.checkUser (D:\test\game-server\app\servers\login\remote\remote.js:16:3)
    at Dispatcher.pro.route (D:\test\game-server\node_modules\pomelo-rpc\lib\rpc-server\dispatcher.js:52:10)
    at Acceptor.cb (D:\test\game-server\node_modules\pomelo-rpc\lib\rpc-server\gateway.js:22:16)
    at processMsg (D:\test\game-server\node_modules\pomelo-rpc\lib\rpc-server\acceptors\mqtt-acceptor.js:138:12)
    at Connection.<anonymous> (D:\test\game-server\node_modules\pomelo-rpc\lib\rpc-server\acceptors\mqtt-acceptor.js:62:11)
    at emitOne (events.js:96:13)
    at Connection.emit (events.js:191:7)
    at Connection.emitPacket (D:\test\game-server\node_modules\mqtt-connection\connection.js:14:8)
    at emitOne (events.js:96:13)
    at Connection.emit (events.js:191:7)
[2017-04-17 17:44:33.521] [ERROR] pomelo-rpc - [31m[mqtt-acceptor] [39mprocess rpc message error TypeError: cb is not a function
    at remote.checkUser (D:\test\game-server\app\servers\login\remote\remote.js:16:3)
    at Dispatcher.pro.route (D:\test\game-server\node_modules\pomelo-rpc\lib\rpc-server\dispatcher.js:52:10)
    at Acceptor.cb (D:\test\game-server\node_modules\pomelo-rpc\lib\rpc-server\gateway.js:22:16)
    at processMsg (D:\test\game-server\node_modules\pomelo-rpc\lib\rpc-server\acceptors\mqtt-acceptor.js:138:12)
    at Connection.<anonymous> (D:\test\game-server\node_modules\pomelo-rpc\lib\rpc-server\acceptors\mqtt-acceptor.js:62:11)
    at emitOne (events.js:96:13)
    at Connection.emit (events.js:191:7)
    at Connection.emitPacket (D:\test\game-server\node_modules\mqtt-connection\connection.js:14:8)
    at emitOne (events.js:96:13)
    at Connection.emit (events.js:191:7)
[2017-04-17 17:45:14.489] [ERROR] pomelo-rpc - [31m[mqtt-acceptor] [39mprocess rpc message error TypeError: cb is not a function
    at remote.checkUser (D:\test\game-server\app\servers\login\remote\remote.js:17:3)
    at Dispatcher.pro.route (D:\test\game-server\node_modules\pomelo-rpc\lib\rpc-server\dispatcher.js:52:10)
    at Acceptor.cb (D:\test\game-server\node_modules\pomelo-rpc\lib\rpc-server\gateway.js:22:16)
    at processMsg (D:\test\game-server\node_modules\pomelo-rpc\lib\rpc-server\acceptors\mqtt-acceptor.js:138:12)
    at Connection.<anonymous> (D:\test\game-server\node_modules\pomelo-rpc\lib\rpc-server\acceptors\mqtt-acceptor.js:62:11)
    at emitOne (events.js:96:13)
    at Connection.emit (events.js:191:7)
    at Connection.emitPacket (D:\test\game-server\node_modules\mqtt-connection\connection.js:14:8)
    at emitOne (events.js:96:13)
    at Connection.emit (events.js:191:7)
